<?xml version="1.0" encoding="UTF-8"?>
<!-- Generated by org.testng.reporters.JUnitXMLReporter -->
<testsuite hostname="Vedant-PC" ignored="0" name="Default test" tests="4" failures="0" timestamp="2020-09-17T16:18:47 IST" time="45.407" errors="0">
  <testcase name="@BeforeMethod setUp" time="43.792" classname="com.crmpro.framework.automation.testcases.DealsPageTest">
    <failure type="org.openqa.selenium.SessionNotCreatedException" message="session not created
from chrome not reachable
  (Session info: chrome=78.0.3904.97)
Build info: version: &amp;apos;3.141.59&amp;apos;, revision: &amp;apos;e82be7d358&amp;apos;, time: &amp;apos;2018-11-14T08:17:03&amp;apos;
System info: host: &amp;apos;VEDANT-PC&amp;apos;, ip: &amp;apos;192.168.1.6&amp;apos;, os.name: &amp;apos;Windows 7&amp;apos;, os.arch: &amp;apos;amd64&amp;apos;, os.version: &amp;apos;6.1&amp;apos;, java.version: &amp;apos;1.8.0_191&amp;apos;
Driver info: driver.version: ChromeDriver
remote stacktrace: Backtrace:
	Ordinal0 [0x00F1A903+1550595]
	Ordinal0 [0x00E9A701+1025793]
	Ordinal0 [0x00E1C58E+509326]
	Ordinal0 [0x00E162C2+484034]
	Ordinal0 [0x00E1699B+485787]
	Ordinal0 [0x00E17B05+490245]
	Ordinal0 [0x00E13A85+473733]
	Ordinal0 [0x00E1D330+512816]
	Ordinal0 [0x00DCB649+177737]
	Ordinal0 [0x00DCA8ED+174317]
	Ordinal0 [0x00DC8CDB+167131]
	Ordinal0 [0x00DB144A+70730]
	Ordinal0 [0x00DB24D0+74960]
	Ordinal0 [0x00DB2469+74857]
	Ordinal0 [0x00EB42C7+1131207]
	GetHandleVerifier [0x00FB70FD+523789]
	GetHandleVerifier [0x00FB6E90+523168]
	GetHandleVerifier [0x00FBE1E7+552695]
	GetHandleVerifier [0x00FB78FA+525834]
	Ordinal0 [0x00EAB7FC+1095676]
	Ordinal0 [0x00EB633B+1139515]
	Ordinal0 [0x00EB64A3+1139875]
	Ordinal0 [0x00EB5425+1135653]
	BaseThreadInitThunk [0x76AC336A+18]
	RtlInitializeExceptionChain [0x77939902+99]
	RtlInitializeExceptionChain [0x779398D5+54]
">
      <![CDATA[org.openqa.selenium.SessionNotCreatedException: session not created
from chrome not reachable
  (Session info: chrome=78.0.3904.97)
Build info: version: '3.141.59', revision: 'e82be7d358', time: '2018-11-14T08:17:03'
System info: host: 'VEDANT-PC', ip: '192.168.1.6', os.name: 'Windows 7', os.arch: 'amd64', os.version: '6.1', java.version: '1.8.0_191'
Driver info: driver.version: ChromeDriver
remote stacktrace: Backtrace:
Ordinal0 [0x00F1A903+1550595]
Ordinal0 [0x00E9A701+1025793]
Ordinal0 [0x00E1C58E+509326]
Ordinal0 [0x00E162C2+484034]
Ordinal0 [0x00E1699B+485787]
Ordinal0 [0x00E17B05+490245]
Ordinal0 [0x00E13A85+473733]
Ordinal0 [0x00E1D330+512816]
Ordinal0 [0x00DCB649+177737]
Ordinal0 [0x00DCA8ED+174317]
Ordinal0 [0x00DC8CDB+167131]
Ordinal0 [0x00DB144A+70730]
Ordinal0 [0x00DB24D0+74960]
Ordinal0 [0x00DB2469+74857]
Ordinal0 [0x00EB42C7+1131207]
GetHandleVerifier [0x00FB70FD+523789]
GetHandleVerifier [0x00FB6E90+523168]
GetHandleVerifier [0x00FBE1E7+552695]
GetHandleVerifier [0x00FB78FA+525834]
Ordinal0 [0x00EAB7FC+1095676]
Ordinal0 [0x00EB633B+1139515]
Ordinal0 [0x00EB64A3+1139875]
Ordinal0 [0x00EB5425+1135653]
BaseThreadInitThunk [0x76AC336A+18]
RtlInitializeExceptionChain [0x77939902+99]
RtlInitializeExceptionChain [0x779398D5+54]

at sun.reflect.NativeConstructorAccessorImpl.newInstance0(Native Method)
at sun.reflect.NativeConstructorAccessorImpl.newInstance(NativeConstructorAccessorImpl.java:62)
at sun.reflect.DelegatingConstructorAccessorImpl.newInstance(DelegatingConstructorAccessorImpl.java:45)
at java.lang.reflect.Constructor.newInstance(Constructor.java:423)
at org.openqa.selenium.remote.W3CHandshakeResponse.lambda$errorHandler$0(W3CHandshakeResponse.java:62)
at org.openqa.selenium.remote.HandshakeResponse.lambda$getResponseFunction$0(HandshakeResponse.java:30)
at org.openqa.selenium.remote.ProtocolHandshake.lambda$createSession$0(ProtocolHandshake.java:126)
at java.util.stream.ReferencePipeline$3$1.accept(ReferencePipeline.java:193)
at java.util.Spliterators$ArraySpliterator.tryAdvance(Spliterators.java:958)
at java.util.stream.ReferencePipeline.forEachWithCancel(ReferencePipeline.java:126)
at java.util.stream.AbstractPipeline.copyIntoWithCancel(AbstractPipeline.java:498)
at java.util.stream.AbstractPipeline.copyInto(AbstractPipeline.java:485)
at java.util.stream.AbstractPipeline.wrapAndCopyInto(AbstractPipeline.java:471)
at java.util.stream.FindOps$FindOp.evaluateSequential(FindOps.java:152)
at java.util.stream.AbstractPipeline.evaluate(AbstractPipeline.java:234)
at java.util.stream.ReferencePipeline.findFirst(ReferencePipeline.java:464)
at org.openqa.selenium.remote.ProtocolHandshake.createSession(ProtocolHandshake.java:128)
at org.openqa.selenium.remote.ProtocolHandshake.createSession(ProtocolHandshake.java:74)
at org.openqa.selenium.remote.HttpCommandExecutor.execute(HttpCommandExecutor.java:136)
at org.openqa.selenium.remote.service.DriverCommandExecutor.execute(DriverCommandExecutor.java:83)
at org.openqa.selenium.remote.RemoteWebDriver.execute(RemoteWebDriver.java:552)
at org.openqa.selenium.remote.RemoteWebDriver.startSession(RemoteWebDriver.java:213)
at org.openqa.selenium.remote.RemoteWebDriver.<init>(RemoteWebDriver.java:131)
at org.openqa.selenium.chrome.ChromeDriver.<init>(ChromeDriver.java:181)
at org.openqa.selenium.chrome.ChromeDriver.<init>(ChromeDriver.java:168)
at org.openqa.selenium.chrome.ChromeDriver.<init>(ChromeDriver.java:123)
at com.crmpro.framework.automation.base.TestBase.startApplication(TestBase.java:48)
at com.crmpro.framework.automation.testcases.DealsPageTest.setUp(DealsPageTest.java:31)
at sun.reflect.NativeMethodAccessorImpl.invoke0(Native Method)
at sun.reflect.NativeMethodAccessorImpl.invoke(NativeMethodAccessorImpl.java:62)
at sun.reflect.DelegatingMethodAccessorImpl.invoke(DelegatingMethodAccessorImpl.java:43)
at java.lang.reflect.Method.invoke(Method.java:498)
at org.testng.internal.MethodInvocationHelper.invokeMethod(MethodInvocationHelper.java:133)
at org.testng.internal.MethodInvocationHelper.invokeMethodConsideringTimeout(MethodInvocationHelper.java:62)
at org.testng.internal.ConfigInvoker.invokeConfigurationMethod(ConfigInvoker.java:340)
at org.testng.internal.ConfigInvoker.invokeConfigurations(ConfigInvoker.java:294)
at org.testng.internal.TestInvoker.runConfigMethods(TestInvoker.java:683)
at org.testng.internal.TestInvoker.invokeMethod(TestInvoker.java:510)
at org.testng.internal.TestInvoker.invokeTestMethod(TestInvoker.java:172)
at org.testng.internal.MethodRunner.runInSequence(MethodRunner.java:46)
at org.testng.internal.TestInvoker$MethodInvocationAgent.invoke(TestInvoker.java:804)
at org.testng.internal.TestInvoker.invokeTestMethods(TestInvoker.java:145)
at org.testng.internal.TestMethodWorker.invokeTestMethods(TestMethodWorker.java:146)
at org.testng.internal.TestMethodWorker.run(TestMethodWorker.java:128)
at java.util.ArrayList.forEach(ArrayList.java:1257)
at org.testng.TestRunner.privateRun(TestRunner.java:770)
at org.testng.TestRunner.run(TestRunner.java:591)
at org.testng.SuiteRunner.runTest(SuiteRunner.java:402)
at org.testng.SuiteRunner.runSequentially(SuiteRunner.java:396)
at org.testng.SuiteRunner.privateRun(SuiteRunner.java:355)
at org.testng.SuiteRunner.run(SuiteRunner.java:304)
at org.testng.SuiteRunnerWorker.runSuite(SuiteRunnerWorker.java:53)
at org.testng.SuiteRunnerWorker.run(SuiteRunnerWorker.java:96)
at org.testng.TestNG.runSuitesSequentially(TestNG.java:1180)
at org.testng.TestNG.runSuitesLocally(TestNG.java:1102)
at org.testng.TestNG.runSuites(TestNG.java:1032)
at org.testng.TestNG.run(TestNG.java:1000)
at org.testng.remote.AbstractRemoteTestNG.run(AbstractRemoteTestNG.java:115)
at org.testng.remote.RemoteTestNG.initAndRun(RemoteTestNG.java:251)
at org.testng.remote.RemoteTestNG.main(RemoteTestNG.java:77)
]]>
    </failure>
  </testcase> <!-- @BeforeMethod setUp -->
  <testcase name="@AfterMethod tearDown" time="-1.600339725563E9" classname="com.crmpro.framework.automation.testcases.DealsPageTest">
    <skipped/>
  </testcase> <!-- @AfterMethod tearDown -->
  <testcase name="@BeforeMethod setUp" time="-1.600339726972E9" classname="com.crmpro.framework.automation.testcases.DealsPageTest">
    <skipped/>
  </testcase> <!-- @BeforeMethod setUp -->
  <testcase name="@AfterMethod tearDown" time="-1.600339726997E9" classname="com.crmpro.framework.automation.testcases.DealsPageTest">
    <skipped/>
  </testcase> <!-- @AfterMethod tearDown -->
  <testcase name="@BeforeMethod setUp" time="-1.600339727E9" classname="com.crmpro.framework.automation.testcases.DealsPageTest">
    <skipped/>
  </testcase> <!-- @BeforeMethod setUp -->
  <testcase name="@AfterMethod tearDown" time="-1.600339727012E9" classname="com.crmpro.framework.automation.testcases.DealsPageTest">
    <skipped/>
  </testcase> <!-- @AfterMethod tearDown -->
  <testcase name="@BeforeMethod setUp" time="-1.600339727015E9" classname="com.crmpro.framework.automation.testcases.DealsPageTest">
    <skipped/>
  </testcase> <!-- @BeforeMethod setUp -->
  <testcase name="@AfterMethod tearDown" time="-1.600339727028E9" classname="com.crmpro.framework.automation.testcases.DealsPageTest">
    <skipped/>
  </testcase> <!-- @AfterMethod tearDown -->
  <testcase name="verifyDealTitleTest" time="0.0" classname="com.crmpro.framework.automation.testcases.DealsPageTest">
    <skipped/>
  </testcase> <!-- verifyDealTitleTest -->
  <testcase name="createNewDealTest" time="0.0" classname="com.crmpro.framework.automation.testcases.DealsPageTest">
    <skipped/>
  </testcase> <!-- createNewDealTest -->
  <testcase name="createNewDealTest" time="0.0" classname="com.crmpro.framework.automation.testcases.DealsPageTest">
    <skipped/>
  </testcase> <!-- createNewDealTest -->
  <testcase name="createNewDealTest" time="0.0" classname="com.crmpro.framework.automation.testcases.DealsPageTest">
    <skipped/>
  </testcase> <!-- createNewDealTest -->
</testsuite> <!-- Default test -->
